25,33
0,17
24,17
*****************p***************
*           *pppppvv*vvvvvvvvvvv*
*** ******* *p*****v***v*v*****v*
*   *       *p*vvvvvvv*v*vvvvv*v*
* ******* ***p*******v*******v*v*
*       * *  p*ppppp*vvvvv*vvv*v*
* ***** * ***p*p***p*****v*v*****
*   *   *   *p*ppp*p*vvvvvvv*ppp*
***** ***** *p***p*p*********p*p*
*   *     * *p*ppp*ppp*ppppp*p*p*
* * ***** * *p*p*****p*p***p*p*p*
* * *     * *ppp    *ppp*v*p*p*p*
* * * ***** ***********v*v*p*p*p*
* *   *   *     *ppppp*vvv*ppp*p*
********* ***** *p***p*****v***p*
*         *   * *p*  p*ppp*v*ppp*
* * ******* * * *p***p*p*p*v*p***
* * *       *   *ppp*p*p*p*v*ppp*
* * * ***********v*p*p*p*p*v***p*
* * *   *     *vvv*p*p*p*p*v*ppp*
* ***** *** * *****p*p*p*p*v*p***
* *     *   * *   *p*ppp*p*v*ppp*
* * ***** *** * * *p*****p*****p*
*         *     *ppp*    ppppppp*
*****************p***************
