23,31
0,15
22,15
***************p***************
*       *   * *p  *       *   *
* ***** * * * *p* * *** * *** *
*     *   *   *p* * *   *     *
* *** * *******p* * * ******* *
*   * * *ppppppp* * * *     * *
* *** * *p******* * * *** *** *
* *   * *p*v*     * *   *     *
* * *** *p*v* ***** *** * *****
* * *   *p*v*       *v* * *   *
*** * ***p*v*********v* * * * *
*   * *ppp*vvvvvvvvvvv* * * * *
* *****p***v*********** *** ***
*ppppppp*vvvvvvv*       *   * *
*p*******v*****v* ******* *** *
*p*vvvvv*v*vvvvv* *   *   *   *
*p*****v*v*v*v*** * * * ***** *
*p*ppp*vvv*v*v*   * *   *     *
*p*p*p*****v*** *** ***** *****
*p*p*ppppp*vvv*     *   *     *
*p*p*****p***v******* * ***** *
*ppp*    ppppppp      *       *
***************p***************
